This file contains any messages produced by compilers while
running configure, to aid debugging if configure makes a mistake.

It was created by resource configure 1.0, which was
generated by GNU Autoconf 2.68.  Invocation command line was

  $ ./configure 

## --------- ##
## Platform. ##
## --------- ##

hostname = ubuntu-host-6
uname -m = x86_64
uname -r = 3.11.0-26-generic
uname -s = Linux
uname -v = #45~precise1-Ubuntu SMP Tue Jul 15 04:02:35 UTC 2014

/usr/bin/uname -p = unknown
/bin/uname -X     = unknown

/bin/arch              = unknown
/usr/bin/arch -k       = unknown
/usr/convex/getsysinfo = unknown
/usr/bin/hostinfo      = unknown
/bin/machine           = unknown
/usr/bin/oslevel       = unknown
/bin/universe          = unknown

PATH: /usr/local/sbin
PATH: /usr/local/bin
PATH: /usr/sbin
PATH: /usr/bin
PATH: /sbin
PATH: /bin
PATH: /usr/games


## ----------- ##
## Core tests. ##
## ----------- ##

configure:2265: checking for gcc
configure:2281: found /usr/bin/gcc
configure:2292: result: gcc
configure:2521: checking for C compiler version
configure:2530: gcc --version >&5
gcc (Ubuntu/Linaro 4.6.3-1ubuntu5) 4.6.3
Copyright (C) 2011 Free Software Foundation, Inc.
This is free software; see the source for copying conditions.  There is NO
warranty; not even for MERCHANTABILITY or FITNESS FOR A PARTICULAR PURPOSE.

configure:2541: $? = 0
configure:2530: gcc -v >&5
Using built-in specs.
COLLECT_GCC=gcc
COLLECT_LTO_WRAPPER=/usr/lib/gcc/x86_64-linux-gnu/4.6/lto-wrapper
Target: x86_64-linux-gnu
Configured with: ../src/configure -v --with-pkgversion='Ubuntu/Linaro 4.6.3-1ubuntu5' --with-bugurl=file:///usr/share/doc/gcc-4.6/README.Bugs --enable-languages=c,c++,fortran,objc,obj-c++ --prefix=/usr --program-suffix=-4.6 --enable-shared --enable-linker-build-id --with-system-zlib --libexecdir=/usr/lib --without-included-gettext --enable-threads=posix --with-gxx-include-dir=/usr/include/c++/4.6 --libdir=/usr/lib --enable-nls --with-sysroot=/ --enable-clocale=gnu --enable-libstdcxx-debug --enable-libstdcxx-time=yes --enable-gnu-unique-object --enable-plugin --enable-objc-gc --disable-werror --with-arch-32=i686 --with-tune=generic --enable-checking=release --build=x86_64-linux-gnu --host=x86_64-linux-gnu --target=x86_64-linux-gnu
Thread model: posix
gcc version 4.6.3 (Ubuntu/Linaro 4.6.3-1ubuntu5) 
configure:2541: $? = 0
configure:2530: gcc -V >&5
gcc: error: unrecognized option '-V'
gcc: fatal error: no input files
compilation terminated.
configure:2541: $? = 4
configure:2530: gcc -qversion >&5
gcc: error: unrecognized option '-qversion'
gcc: fatal error: no input files
compilation terminated.
configure:2541: $? = 4
configure:2561: checking whether the C compiler works
configure:2583: gcc  -O3   conftest.c  >&5
configure:2587: $? = 0
configure:2635: result: yes
configure:2638: checking for C compiler default output file name
configure:2640: result: a.out
configure:2646: checking for suffix of executables
configure:2653: gcc -o conftest  -O3   conftest.c  >&5
configure:2657: $? = 0
configure:2679: result: 
configure:2701: checking whether we are cross compiling
configure:2709: gcc -o conftest  -O3   conftest.c  >&5
configure:2713: $? = 0
configure:2720: ./conftest
configure:2724: $? = 0
configure:2739: result: no
configure:2744: checking for suffix of object files
configure:2766: gcc -c  -O3  conftest.c >&5
configure:2770: $? = 0
configure:2791: result: o
configure:2795: checking whether we are using the GNU C compiler
configure:2814: gcc -c  -O3  conftest.c >&5
configure:2814: $? = 0
configure:2823: result: yes
configure:2832: checking whether gcc accepts -g
configure:2852: gcc -c -g  conftest.c >&5
configure:2852: $? = 0
configure:2893: result: yes
configure:2910: checking for gcc option to accept ISO C89
configure:2974: gcc  -c  -O3  conftest.c >&5
configure:2974: $? = 0
configure:2987: result: none needed
configure:3050: checking for a BSD-compatible install
configure:3118: result: /usr/bin/install -c
configure:3160: checking build system type
configure:3174: result: x86_64-unknown-linux-gnu
configure:3194: checking host system type
configure:3207: result: x86_64-unknown-linux-gnu
configure:3248: checking how to print strings
configure:3275: result: printf
configure:3296: checking for a sed that does not truncate output
configure:3360: result: /bin/sed
configure:3378: checking for grep that handles long lines and -e
configure:3436: result: /bin/grep
configure:3441: checking for egrep
configure:3503: result: /bin/grep -E
configure:3508: checking for fgrep
configure:3570: result: /bin/grep -F
configure:3605: checking for ld used by gcc
configure:3672: result: /usr/bin/ld
configure:3679: checking if the linker (/usr/bin/ld) is GNU ld
configure:3694: result: yes
configure:3706: checking for BSD- or MS-compatible name lister (nm)
configure:3755: result: /usr/bin/nm -B
configure:3885: checking the name lister (/usr/bin/nm -B) interface
configure:3892: gcc -c  -O3  conftest.c >&5
configure:3895: /usr/bin/nm -B "conftest.o"
configure:3898: output
0000000000000000 B some_variable
configure:3905: result: BSD nm
configure:3908: checking whether ln -s works
configure:3912: result: yes
configure:3920: checking the maximum length of command line arguments
configure:4050: result: 1572864
configure:4067: checking whether the shell understands some XSI constructs
configure:4077: result: yes
configure:4081: checking whether the shell understands "+="
configure:4087: result: yes
configure:4122: checking how to convert x86_64-unknown-linux-gnu file names to x86_64-unknown-linux-gnu format
configure:4162: result: func_convert_file_noop
configure:4169: checking how to convert x86_64-unknown-linux-gnu file names to toolchain format
configure:4189: result: func_convert_file_noop
configure:4196: checking for /usr/bin/ld option to reload object files
configure:4203: result: -r
configure:4277: checking for objdump
configure:4293: found /usr/bin/objdump
configure:4304: result: objdump
configure:4336: checking how to recognize dependent libraries
configure:4538: result: pass_all
configure:4623: checking for dlltool
configure:4653: result: no
configure:4683: checking how to associate runtime and link libraries
configure:4710: result: printf %s\n
configure:4771: checking for ar
configure:4787: found /usr/bin/ar
configure:4798: result: ar
configure:4835: checking for archiver @FILE support
configure:4852: gcc -c  -O3  conftest.c >&5
configure:4852: $? = 0
configure:4855: ar cru libconftest.a @conftest.lst >&5
configure:4858: $? = 0
configure:4863: ar cru libconftest.a @conftest.lst >&5
ar: conftest.o: No such file or directory
configure:4866: $? = 1
configure:4878: result: @
configure:4936: checking for strip
configure:4952: found /usr/bin/strip
configure:4963: result: strip
configure:5035: checking for ranlib
configure:5051: found /usr/bin/ranlib
configure:5062: result: ranlib
configure:5139: checking for gawk
configure:5155: found /usr/bin/gawk
configure:5166: result: gawk
configure:5206: checking command to parse /usr/bin/nm -B output from gcc object
configure:5326: gcc -c  -O3  conftest.c >&5
configure:5329: $? = 0
configure:5333: /usr/bin/nm -B conftest.o \| sed -n -e 's/^.*[ ]\([ABCDGIRSTW][ABCDGIRSTW]*\)[ ][ ]*\([_A-Za-z][_A-Za-z0-9]*\)$/\1 \2 \2/p' | sed '/ __gnu_lto/d' \> conftest.nm
configure:5336: $? = 0
configure:5402: gcc -o conftest  -O3   conftest.c conftstm.o >&5
configure:5405: $? = 0
configure:5443: result: ok
configure:5480: checking for sysroot
configure:5510: result: no
configure:5587: gcc -c  -O3  conftest.c >&5
configure:5590: $? = 0
configure:5772: checking for mt
configure:5788: found /bin/mt
configure:5799: result: mt
configure:5822: checking if mt is a manifest tool
configure:5828: mt '-?'
configure:5836: result: no
configure:6478: checking how to run the C preprocessor
configure:6509: gcc -E  conftest.c
configure:6509: $? = 0
configure:6523: gcc -E  conftest.c
conftest.c:9:28: fatal error: ac_nonexistent.h: No such file or directory
compilation terminated.
configure:6523: $? = 1
configure: failed program was:
| /* confdefs.h */
| #define PACKAGE_NAME "resource"
| #define PACKAGE_TARNAME "resource"
| #define PACKAGE_VERSION "1.0"
| #define PACKAGE_STRING "resource 1.0"
| #define PACKAGE_BUGREPORT "BUG-REPORT-ADDRESS"
| #define PACKAGE_URL ""
| /* end confdefs.h.  */
| #include <ac_nonexistent.h>
configure:6548: result: gcc -E
configure:6568: gcc -E  conftest.c
configure:6568: $? = 0
configure:6582: gcc -E  conftest.c
conftest.c:9:28: fatal error: ac_nonexistent.h: No such file or directory
compilation terminated.
configure:6582: $? = 1
configure: failed program was:
| /* confdefs.h */
| #define PACKAGE_NAME "resource"
| #define PACKAGE_TARNAME "resource"
| #define PACKAGE_VERSION "1.0"
| #define PACKAGE_STRING "resource 1.0"
| #define PACKAGE_BUGREPORT "BUG-REPORT-ADDRESS"
| #define PACKAGE_URL ""
| /* end confdefs.h.  */
| #include <ac_nonexistent.h>
configure:6611: checking for ANSI C header files
configure:6631: gcc -c  -O3  conftest.c >&5
configure:6631: $? = 0
configure:6704: gcc -o conftest  -O3   conftest.c  >&5
configure:6704: $? = 0
configure:6704: ./conftest
configure:6704: $? = 0
configure:6715: result: yes
configure:6728: checking for sys/types.h
configure:6728: gcc -c  -O3  conftest.c >&5
configure:6728: $? = 0
configure:6728: result: yes
configure:6728: checking for sys/stat.h
configure:6728: gcc -c  -O3  conftest.c >&5
configure:6728: $? = 0
configure:6728: result: yes
configure:6728: checking for stdlib.h
configure:6728: gcc -c  -O3  conftest.c >&5
configure:6728: $? = 0
configure:6728: result: yes
configure:6728: checking for string.h
configure:6728: gcc -c  -O3  conftest.c >&5
configure:6728: $? = 0
configure:6728: result: yes
configure:6728: checking for memory.h
configure:6728: gcc -c  -O3  conftest.c >&5
configure:6728: $? = 0
configure:6728: result: yes
configure:6728: checking for strings.h
configure:6728: gcc -c  -O3  conftest.c >&5
configure:6728: $? = 0
configure:6728: result: yes
configure:6728: checking for inttypes.h
configure:6728: gcc -c  -O3  conftest.c >&5
configure:6728: $? = 0
configure:6728: result: yes
configure:6728: checking for stdint.h
configure:6728: gcc -c  -O3  conftest.c >&5
configure:6728: $? = 0
configure:6728: result: yes
configure:6728: checking for unistd.h
configure:6728: gcc -c  -O3  conftest.c >&5
configure:6728: $? = 0
configure:6728: result: yes
configure:6742: checking for dlfcn.h
configure:6742: gcc -c  -O3  conftest.c >&5
configure:6742: $? = 0
configure:6742: result: yes
configure:6948: checking for objdir
configure:6963: result: .libs
configure:7230: checking if gcc supports -fno-rtti -fno-exceptions
configure:7248: gcc -c  -O3  -fno-rtti -fno-exceptions conftest.c >&5
cc1: warning: command line option '-fno-rtti' is valid for C++/ObjC++ but not for C [enabled by default]
configure:7252: $? = 0
configure:7265: result: no
configure:7592: checking for gcc option to produce PIC
configure:7599: result: -fPIC -DPIC
configure:7607: checking if gcc PIC flag -fPIC -DPIC works
configure:7625: gcc -c  -O3  -fPIC -DPIC -DPIC conftest.c >&5
configure:7629: $? = 0
configure:7642: result: yes
configure:7671: checking if gcc static flag -static works
configure:7699: result: yes
configure:7714: checking if gcc supports -c -o file.o
configure:7735: gcc -c  -O3  -o out/conftest2.o conftest.c >&5
configure:7739: $? = 0
configure:7761: result: yes
configure:7769: checking if gcc supports -c -o file.o
configure:7816: result: yes
configure:7849: checking whether the gcc linker (/usr/bin/ld -m elf_x86_64) supports shared libraries
configure:9002: result: yes
configure:9039: checking whether -lc should be explicitly linked in
configure:9047: gcc -c  -O3  conftest.c >&5
configure:9050: $? = 0
configure:9065: gcc -shared  -fPIC -DPIC conftest.o  -v -Wl,-soname -Wl,conftest -o conftest 2\>\&1 \| /bin/grep  -lc  \>/dev/null 2\>\&1
configure:9068: $? = 0
configure:9082: result: no
configure:9242: checking dynamic linker characteristics
configure:9753: gcc -o conftest  -O3   -Wl,-rpath -Wl,/foo conftest.c  >&5
configure:9753: $? = 0
configure:9979: result: GNU/Linux ld.so
configure:10086: checking how to hardcode library paths into programs
configure:10111: result: immediate
configure:10651: checking whether stripping libraries is possible
configure:10656: result: yes
configure:10691: checking if libtool supports shared libraries
configure:10693: result: yes
configure:10696: checking whether to build shared libraries
configure:10717: result: yes
configure:10720: checking whether to build static libraries
configure:10724: result: yes
configure:10768: checking for library containing ncds_apply_rpc
configure:10799: gcc -o conftest  -O3   conftest.c  >&5
/tmp/ccbPJvS5.o: In function `main':
conftest.c:(.text.startup+0x7): undefined reference to `ncds_apply_rpc'
collect2: ld returned 1 exit status
configure:10799: $? = 1
configure: failed program was:
| /* confdefs.h */
| #define PACKAGE_NAME "resource"
| #define PACKAGE_TARNAME "resource"
| #define PACKAGE_VERSION "1.0"
| #define PACKAGE_STRING "resource 1.0"
| #define PACKAGE_BUGREPORT "BUG-REPORT-ADDRESS"
| #define PACKAGE_URL ""
| #define STDC_HEADERS 1
| #define HAVE_SYS_TYPES_H 1
| #define HAVE_SYS_STAT_H 1
| #define HAVE_STDLIB_H 1
| #define HAVE_STRING_H 1
| #define HAVE_MEMORY_H 1
| #define HAVE_STRINGS_H 1
| #define HAVE_INTTYPES_H 1
| #define HAVE_STDINT_H 1
| #define HAVE_UNISTD_H 1
| #define HAVE_DLFCN_H 1
| #define LT_OBJDIR ".libs/"
| /* end confdefs.h.  */
| 
| /* Override any GCC internal prototype to avoid an error.
|    Use char because int might match the return type of a GCC
|    builtin and then its argument prototype would still apply.  */
| #ifdef __cplusplus
| extern "C"
| #endif
| char ncds_apply_rpc ();
| int
| main ()
| {
| return ncds_apply_rpc ();
|   ;
|   return 0;
| }
configure:10799: gcc -o conftest  -O3   conftest.c -lnetconf   >&5
configure:10799: $? = 0
configure:10816: result: -lnetconf
configure:10831: checking for xml2-config
configure:10847: found /usr/bin/xml2-config
configure:10859: result: yes
configure:10870: checking for main in -lxml2
configure:10889: gcc -o conftest  -O3   conftest.c -lxml2  -lnetconf  >&5
configure:10889: $? = 0
configure:10898: result: yes
configure:10912: checking for stdlib.h
configure:10912: result: yes
configure:10912: checking libnetconf.h usability
configure:10912: gcc -c -I/usr/include/libxml2  -O3  conftest.c >&5
configure:10912: $? = 0
configure:10912: result: yes
configure:10912: checking libnetconf.h presence
configure:10912: gcc -E  conftest.c
configure:10912: $? = 0
configure:10912: result: yes
configure:10912: checking for libnetconf.h
configure:10912: result: yes
configure:11081: creating ./config.status

## ---------------------- ##
## Running config.status. ##
## ---------------------- ##

This file was extended by resource config.status 1.0, which was
generated by GNU Autoconf 2.68.  Invocation command line was

  CONFIG_FILES    = 
  CONFIG_HEADERS  = 
  CONFIG_LINKS    = 
  CONFIG_COMMANDS = 
  $ ./config.status 

on ubuntu-host-6

config.status:981: creating Makefile
config.status:1147: executing libtool commands

## ---------------- ##
## Cache variables. ##
## ---------------- ##

ac_cv_build=x86_64-unknown-linux-gnu
ac_cv_c_compiler_gnu=yes
ac_cv_env_CC_set=
ac_cv_env_CC_value=
ac_cv_env_CFLAGS_set=
ac_cv_env_CFLAGS_value=
ac_cv_env_CPPFLAGS_set=
ac_cv_env_CPPFLAGS_value=
ac_cv_env_CPP_set=
ac_cv_env_CPP_value=
ac_cv_env_LDFLAGS_set=
ac_cv_env_LDFLAGS_value=
ac_cv_env_LIBS_set=
ac_cv_env_LIBS_value=
ac_cv_env_build_alias_set=
ac_cv_env_build_alias_value=
ac_cv_env_host_alias_set=
ac_cv_env_host_alias_value=
ac_cv_env_target_alias_set=
ac_cv_env_target_alias_value=
ac_cv_header_dlfcn_h=yes
ac_cv_header_inttypes_h=yes
ac_cv_header_libnetconf_h=yes
ac_cv_header_memory_h=yes
ac_cv_header_stdc=yes
ac_cv_header_stdint_h=yes
ac_cv_header_stdlib_h=yes
ac_cv_header_string_h=yes
ac_cv_header_strings_h=yes
ac_cv_header_sys_stat_h=yes
ac_cv_header_sys_types_h=yes
ac_cv_header_unistd_h=yes
ac_cv_host=x86_64-unknown-linux-gnu
ac_cv_lib_xml2_main=yes
ac_cv_objext=o
ac_cv_path_EGREP='/bin/grep -E'
ac_cv_path_FGREP='/bin/grep -F'
ac_cv_path_GREP=/bin/grep
ac_cv_path_SED=/bin/sed
ac_cv_path_install='/usr/bin/install -c'
ac_cv_prog_AWK=gawk
ac_cv_prog_CPP='gcc -E'
ac_cv_prog_XML2_CONFIG=yes
ac_cv_prog_ac_ct_AR=ar
ac_cv_prog_ac_ct_CC=gcc
ac_cv_prog_ac_ct_MANIFEST_TOOL=mt
ac_cv_prog_ac_ct_OBJDUMP=objdump
ac_cv_prog_ac_ct_RANLIB=ranlib
ac_cv_prog_ac_ct_STRIP=strip
ac_cv_prog_cc_c89=
ac_cv_prog_cc_g=yes
ac_cv_search_ncds_apply_rpc=-lnetconf
lt_cv_ar_at_file=@
lt_cv_archive_cmds_need_lc=no
lt_cv_deplibs_check_method=pass_all
lt_cv_file_magic_cmd='$MAGIC_CMD'
lt_cv_file_magic_test_file=
lt_cv_ld_reload_flag=-r
lt_cv_nm_interface='BSD nm'
lt_cv_objdir=.libs
lt_cv_path_LD=/usr/bin/ld
lt_cv_path_NM='/usr/bin/nm -B'
lt_cv_path_mainfest_tool=no
lt_cv_prog_compiler_c_o=yes
lt_cv_prog_compiler_pic='-fPIC -DPIC'
lt_cv_prog_compiler_pic_works=yes
lt_cv_prog_compiler_rtti_exceptions=no
lt_cv_prog_compiler_static_works=yes
lt_cv_prog_gnu_ld=yes
lt_cv_sharedlib_from_linklib_cmd='printf %s\n'
lt_cv_shlibpath_overrides_runpath=no
lt_cv_sys_global_symbol_pipe='sed -n -e '\''s/^.*[	 ]\([ABCDGIRSTW][ABCDGIRSTW]*\)[	 ][	 ]*\([_A-Za-z][_A-Za-z0-9]*\)$/\1 \2 \2/p'\'' | sed '\''/ __gnu_lto/d'\'''
lt_cv_sys_global_symbol_to_c_name_address='sed -n -e '\''s/^: \([^ ]*\)[ ]*$/  {\"\1\", (void *) 0},/p'\'' -e '\''s/^[ABCDGIRSTW]* \([^ ]*\) \([^ ]*\)$/  {"\2", (void *) \&\2},/p'\'''
lt_cv_sys_global_symbol_to_c_name_address_lib_prefix='sed -n -e '\''s/^: \([^ ]*\)[ ]*$/  {\"\1\", (void *) 0},/p'\'' -e '\''s/^[ABCDGIRSTW]* \([^ ]*\) \(lib[^ ]*\)$/  {"\2", (void *) \&\2},/p'\'' -e '\''s/^[ABCDGIRSTW]* \([^ ]*\) \([^ ]*\)$/  {"lib\2", (void *) \&\2},/p'\'''
lt_cv_sys_global_symbol_to_cdecl='sed -n -e '\''s/^T .* \(.*\)$/extern int \1();/p'\'' -e '\''s/^[ABCDGIRSTW]* .* \(.*\)$/extern char \1;/p'\'''
lt_cv_sys_max_cmd_len=1572864
lt_cv_to_host_file_cmd=func_convert_file_noop
lt_cv_to_tool_file_cmd=func_convert_file_noop

## ----------------- ##
## Output variables. ##
## ----------------- ##

AR='ar'
AWK='gawk'
CC='gcc'
CFLAGS='-I/usr/include/libxml2  -O3'
CPP='gcc -E'
CPPFLAGS=''
DEFS='-DPACKAGE_NAME=\"resource\" -DPACKAGE_TARNAME=\"resource\" -DPACKAGE_VERSION=\"1.0\" -DPACKAGE_STRING=\"resource\ 1.0\" -DPACKAGE_BUGREPORT=\"BUG-REPORT-ADDRESS\" -DPACKAGE_URL=\"\" -DSTDC_HEADERS=1 -DHAVE_SYS_TYPES_H=1 -DHAVE_SYS_STAT_H=1 -DHAVE_STDLIB_H=1 -DHAVE_STRING_H=1 -DHAVE_MEMORY_H=1 -DHAVE_STRINGS_H=1 -DHAVE_INTTYPES_H=1 -DHAVE_STDINT_H=1 -DHAVE_UNISTD_H=1 -DHAVE_DLFCN_H=1 -DLT_OBJDIR=\".libs/\" -DHAVE_STDLIB_H=1 -DHAVE_LIBNETCONF_H=1'
DLLTOOL='false'
DSYMUTIL=''
DUMPBIN=''
ECHO_C=''
ECHO_N='-n'
ECHO_T=''
EGREP='/bin/grep -E'
EXEEXT=''
FGREP='/bin/grep -F'
GREP='/bin/grep'
INSTALL_DATA='${INSTALL} -m 644'
INSTALL_PROGRAM='${INSTALL}'
INSTALL_SCRIPT='${INSTALL}'
LD='/usr/bin/ld -m elf_x86_64'
LDFLAGS=''
LIBOBJS=''
LIBS='-L/usr/lib/x86_64-linux-gnu -lxml2 -lnetconf '
LIBTOOL='$(SHELL) $(top_builddir)/libtool'
LIPO=''
LN_S='ln -s'
LTLIBOBJS=''
MANIFEST_TOOL=':'
NM='/usr/bin/nm -B'
NMEDIT=''
OBJDUMP='objdump'
OBJEXT='o'
OTOOL64=''
OTOOL=''
PACKAGE_BUGREPORT='BUG-REPORT-ADDRESS'
PACKAGE_NAME='resource'
PACKAGE_STRING='resource 1.0'
PACKAGE_TARNAME='resource'
PACKAGE_URL=''
PACKAGE_VERSION='1.0'
PATH_SEPARATOR=':'
PROJECTNAME='resource'
RANLIB='ranlib'
SED='/bin/sed'
SHELL='/bin/bash'
STRIP='strip'
XML2_CONFIG='yes'
ac_ct_AR='ar'
ac_ct_CC='gcc'
ac_ct_DUMPBIN=''
bindir='${exec_prefix}/bin'
build='x86_64-unknown-linux-gnu'
build_alias=''
build_cpu='x86_64'
build_os='linux-gnu'
build_vendor='unknown'
datadir='${datarootdir}'
datarootdir='${prefix}/share'
docdir='${datarootdir}/doc/${PACKAGE_TARNAME}'
dvidir='${docdir}'
exec_prefix='${prefix}'
host='x86_64-unknown-linux-gnu'
host_alias=''
host_cpu='x86_64'
host_os='linux-gnu'
host_vendor='unknown'
htmldir='${docdir}'
includedir='${prefix}/include'
infodir='${datarootdir}/info'
libdir='${exec_prefix}/lib'
libexecdir='${exec_prefix}/libexec'
libtool='./libtool'
localedir='${datarootdir}/locale'
localstatedir='${prefix}/var'
mandir='${datarootdir}/man'
oldincludedir='/usr/include'
pdfdir='${docdir}'
prefix='/usr/local'
program_transform_name='s,x,x,'
psdir='${docdir}'
sbindir='${exec_prefix}/sbin'
sharedstatedir='${prefix}/com'
sysconfdir='${prefix}/etc'
target_alias=''

## ----------- ##
## confdefs.h. ##
## ----------- ##

/* confdefs.h */
#define PACKAGE_NAME "resource"
#define PACKAGE_TARNAME "resource"
#define PACKAGE_VERSION "1.0"
#define PACKAGE_STRING "resource 1.0"
#define PACKAGE_BUGREPORT "BUG-REPORT-ADDRESS"
#define PACKAGE_URL ""
#define STDC_HEADERS 1
#define HAVE_SYS_TYPES_H 1
#define HAVE_SYS_STAT_H 1
#define HAVE_STDLIB_H 1
#define HAVE_STRING_H 1
#define HAVE_MEMORY_H 1
#define HAVE_STRINGS_H 1
#define HAVE_INTTYPES_H 1
#define HAVE_STDINT_H 1
#define HAVE_UNISTD_H 1
#define HAVE_DLFCN_H 1
#define LT_OBJDIR ".libs/"
#define HAVE_STDLIB_H 1
#define HAVE_LIBNETCONF_H 1

configure: exit 0
